{
  "0 debug pnpm:scope": {
    "selected": 1
  },
  "1 error pnpm": {
    "code": "ELIFECYCLE",
    "errno": "ENOENT",
    "syscall": "spawn",
    "file": "sh",
    "pkgid": "my-lib@0.0.1",
    "stage": "dev",
    "script": "vite",
    "pkgname": "my-lib",
    "err": {
      "name": "pnpm",
      "message": "my-lib@0.0.1 dev: `vite`\nspawn ENOENT",
      "code": "ELIFECYCLE",
      "stack": "pnpm: my-lib@0.0.1 dev: `vite`\nspawn ENOENT\n    at ChildProcess.<anonymous> (/Users/liuyaowen/.nvm/versions/node/v14.17.0/lib/node_modules/pnpm/dist/pnpm.cjs:92278:22)\n    at ChildProcess.emit (events.js:376:20)\n    at maybeClose (internal/child_process.js:1055:16)\n    at Process.ChildProcess._handle.onexit (internal/child_process.js:288:5)"
    }
  },
  "2 warn pnpm:global": " Local package.json exists, but node_modules missing, did you mean to install?"
}